2http://web.archive.org/web/20150609111537/http://www.azlyrics.com/z/zztop.html
3http://web.archive.org/web/20141026195454/http://www.azlyrics.com/lyrics/zucchero/unanottechevolavia.html
3http://web.archive.org/web/20141026195454/http://www.azlyrics.com/lyrics/zucchero/temponeavrai.html
3http://web.archive.org/web/20141026195454/http://www.azlyrics.com/lyrics/zucchero/chedestinosei.html
3http://web.archive.org/web/20141026195454/http://www.azlyrics.com/lyrics/zucchero/comelaria.html
2http://web.archive.org/web/20150609111537/http://www.azlyrics.com/y/yes.html
3http://web.archive.org/web/20150206183208/http://www.azlyrics.com/lyrics/steviewonder/hallelujahiloveherso.html
3http://web.archive.org/web/20150206183208/http://www.azlyrics.com/lyrics/steviewonder/dontyouknow.html
3http://web.archive.org/web/20150206183208/http://www.azlyrics.com/lyrics/steviewonder/frankiejohnny.html
3http://web.archive.org/web/20150206183208/http://www.azlyrics.com/lyrics/steviewonder/comebackbaby.html
3http://web.archive.org/web/20141010134027/http://www.azlyrics.com/lyrics/yes/beyondandbefore.html
3http://web.archive.org/web/20141010134027/http://www.azlyrics.com/lyrics/yes/yesterdayandtoday.html
3http://web.archive.org/web/20141010134027/http://www.azlyrics.com/lyrics/yes/haroldland.html
3http://web.archive.org/web/20141010134027/http://www.azlyrics.com/lyrics/yes/sweetness.html
3http://web.archive.org/web/20141010134027/http://www.azlyrics.com/lyrics/yes/noopportunitynecessarynoexperienceneeded.html
3http://web.archive.org/web/20141010134027/http://www.azlyrics.com/lyrics/yes/everydays.html
3http://web.archive.org/web/20141010134027/http://www.azlyrics.com/lyrics/yes/theprophet.html
3http://web.archive.org/web/20141010134027/http://www.azlyrics.com/lyrics/yes/astraltraveller.html
3http://web.archive.org/web/20141010134027/http://www.azlyrics.com/lyrics/yes/yoursisnodisgrace.html
3http://web.archive.org/web/20141010134027/http://www.azlyrics.com/lyrics/yes/iveseenallgoodpeople.html
3http://web.archive.org/web/20141010134027/http://www.azlyrics.com/lyrics/yes/perpetualchange.html
3http://web.archive.org/web/20150206183208/http://www.azlyrics.com/lyrics/steviewonder/withasonginmyheart.html
3http://web.archive.org/web/20150206183208/http://www.azlyrics.com/lyrics/steviewonder/whenyouwishuponastar.html
3http://web.archive.org/web/20150206183208/http://www.azlyrics.com/lyrics/steviewonder/smile.html
3http://web.archive.org/web/20150206183208/http://www.azlyrics.com/lyrics/steviewonder/makesomeonehappy.html
3http://web.archive.org/web/20150206183208/http://www.azlyrics.com/lyrics/steviewonder/dream.html
3http://web.archive.org/web/20150206183208/http://www.azlyrics.com/lyrics/steviewonder/putonahappyface.html
3http://web.archive.org/web/20150206183208/http://www.azlyrics.com/lyrics/steviewonder/onthesunnysideofthestreet.html
3http://web.archive.org/web/20150206183208/http://www.azlyrics.com/lyrics/steviewonder/gethappy.html
3http://web.archive.org/web/20150206183208/http://www.azlyrics.com/lyrics/steviewonder/giveyourheartachance.html
3http://web.archive.org/web/20150206183208/http://www.azlyrics.com/lyrics/steviewonder/withoutasong.html
3http://web.archive.org/web/20150206183208/http://www.azlyrics.com/lyrics/steviewonder/castlesinthesand.html
3http://web.archive.org/web/20150206183208/http://www.azlyrics.com/lyrics/steviewonder/ebbtide.html
